22:54 Transferwas selected by operator
23:54 Transferwas selected by operator
00:40 Transferwas selected by operator
00:43 Transferwas selected by operator
20:58 Transferwas selected by operator
21:15 Transferwas selected by operator
21:20 Transferwas selected by operator
21:27 Transferwas selected by operator
21:28 Transferwas selected by operator
21:30 Transferwas selected by operator
21:40 Transferwas selected by operator
21:42 Transferwas selected by operator
22:14 Transferwas selected by operator
22:56 Transferwas selected by operator
23:35 Transferwas selected by operator
23:38 Transferwas selected by operator
23:44 Transferwas selected by operator
23:44 Transferwas selected by operator
23:45 Transferwas selected by operator
23:50 Transferwas selected by operator
23:51 Transferwas selected by operator
23:54 Transferwas selected by operator
23:57 Transferwas selected by operator
00:00 Transferwas selected by operator
00:01 Transferwas selected by operator
00:02 Transferwas selected by operator
00:05 Transferwas selected by operator
00:06 Transferwas selected by operator
00:07 Transferwas selected by operator
00:08 Transferwas selected by operator
00:10 Transferwas selected by operator
00:11 Transferwas selected by operator
00:12 Transferwas selected by operator
00:14 Transferwas selected by operator
00:17 Transferwas selected by operator
00:20 Transferwas selected by operator
00:32 Transferwas selected by operator
00:32 Transferwas selected by operator
00:36 Transferwas selected by operator
00:54 Transferwas selected by operator
00:55 Transferwas selected by operator
00:56 Transferwas selected by operator
00:58 Transferwas selected by operator
2024-12-13 01:18 test has logged in.
2024-12-13 01:18 Transfer was selected by operator.
2024-12-13 01:18 ShipCase2.txt was uploaded
2024-12-13 01:22 User comment: comment
2024-12-13 01:27 test has logged in.
2024-12-13 01:27 Transfer was selected by operator.
2024-12-13 01:27 ShipCase2.txt was uploaded
2024-12-13 01:37 test has logged in.
2024-12-13 01:37 Transfer was selected by operator.
2024-12-13 01:37 ShipCase4.txt was uploaded
2024-12-13 01:39 test has logged in.
2024-12-13 01:39 Transfer was selected by operator.
2024-12-13 01:39 ShipCase4.txt was uploaded
2024-12-13 01:45 test has logged in.
2024-12-13 01:45 Transfer was selected by operator.
2024-12-13 01:45 ShipCase4.txt was uploaded
2024-12-13 01:46 test has logged in.
2024-12-13 01:46 Transfer was selected by operator.
2024-12-13 01:46 ShipCase4.txt was uploaded
2024-12-13 01:47 test has logged in.
2024-12-13 01:47 Transfer was selected by operator.
2024-12-13 01:47 ShipCase4.txt was uploaded
2024-12-13 01:48 test has logged in.
2024-12-13 01:48 Transfer was selected by operator.
2024-12-13 01:48 ShipCase4.txt was uploaded
2024-12-13 01:51 test has logged in.
2024-12-13 01:51 Transfer was selected by operator.
2024-12-13 01:51 ShipCase4.txt was uploaded
2024-12-13 01:52 test has logged in.
2024-12-13 01:52 Transfer was selected by operator.
2024-12-13 01:52 ShipCase4.txt was uploaded
2024-12-13 01:53 test has logged in.
2024-12-13 01:53 Transfer was selected by operator.
2024-12-13 01:53 ShipCase4.txt was uploaded
2024-12-13 01:53 User comment: test
2024-12-13 01:56 test has logged in.
2024-12-13 01:56 Transfer was selected by operator.
2024-12-13 01:56 ShipCase4.txt was uploaded
2024-12-13 01:58 User comment: cool
2024-12-13 02:00 test has logged in.
2024-12-13 02:00 Transfer was selected by operator.
2024-12-13 02:00 ShipCase4.txt was uploaded
2024-12-13 02:01 User comment: test
2024-12-13 02:10 test has logged in.
2024-12-13 02:10 Transfer was selected by operator.
2024-12-13 02:10 ShipCase4.txt was uploaded
2024-12-13 02:25 test has logged in.
2024-12-13 02:25 Transfer was selected by operator.
2024-12-13 02:25 ShipCase4.txt was uploaded
2024-12-13 02:27 test has logged in.
2024-12-13 02:27 Transfer was selected by operator.
2024-12-13 02:27 ShipCase4.txt was uploaded
2024-12-13 02:28 test has logged in.
2024-12-13 02:28 Transfer was selected by operator.
2024-12-13 02:28 ShipCase4.txt was uploaded
2024-12-13 02:29 test has logged in.
2024-12-13 02:29 Transfer was selected by operator.
2024-12-13 02:29 ShipCase4.txt was uploaded
2024-12-13 02:56 test has logged in.
2024-12-13 02:56 Transfer was selected by operator.
2024-12-13 02:56 ShipCase4.txt was uploaded
2024-12-13 02:58 test has logged in.
2024-12-13 02:58 Transfer was selected by operator.
2024-12-13 02:58 ShipCase4.txt was uploaded
2024-12-13 03:02 test has logged in.
2024-12-13 03:02 Transfer was selected by operator.
2024-12-13 03:02 ShipCase4.txt was uploaded
2024-12-13 03:24 test has logged in.
2024-12-13 03:24 Transfer was selected by operator.
2024-12-13 03:24 ShipCase4.txt was uploaded
2024-12-13 03:26 test has logged in.
2024-12-13 03:26 Transfer was selected by operator.
2024-12-13 03:26 ShipCase4.txt was uploaded
2024-12-13 03:26 test has logged in.
2024-12-13 03:26 Transfer was selected by operator.
2024-12-13 03:26 ShipCase4.txt was uploaded
2024-12-13 03:27 test has logged in.
2024-12-13 03:27 Transfer was selected by operator.
2024-12-13 03:27 ShipCase4.txt was uploaded
2024-12-13 03:29 test has logged in.
2024-12-13 03:29 Transfer was selected by operator.
2024-12-13 03:29 ShipCase4.txt was uploaded
2024-12-13 03:31 test has logged in.
2024-12-13 03:31 Transfer was selected by operator.
2024-12-13 03:31 ShipCase4.txt was uploaded
2024-12-13 03:32 test has logged in.
2024-12-13 03:32 Transfer was selected by operator.
2024-12-13 03:32 ShipCase4.txt was uploaded
2024-12-13 03:33 test has logged in.
2024-12-13 03:33 Transfer was selected by operator.
2024-12-13 03:33 ShipCase4.txt was uploaded
2024-12-13 03:33 test has logged in.
2024-12-13 03:33 Transfer was selected by operator.
2024-12-13 03:33 ShipCase4.txt was uploaded
2024-12-13 03:34 test has logged in.
2024-12-13 03:34 Transfer was selected by operator.
2024-12-13 03:34 ShipCase4.txt was uploaded
2024-12-13 03:42 test has logged in.
2024-12-13 03:42 Transfer was selected by operator.
2024-12-13 03:42 ShipCase4.txt was uploaded
2024-12-13 03:45 test has logged in.
2024-12-13 03:45 Transfer was selected by operator.
2024-12-13 03:45 ShipCase4.txt was uploaded
2024-12-13 03:47 test has logged in.
2024-12-13 03:47 Transfer was selected by operator.
2024-12-13 03:48 ShipCase4.txt was uploaded
2024-12-13 04:05 test has logged in.
2024-12-13 04:05 Transfer was selected by operator.
2024-12-13 04:05 ShipCase4.txt was uploaded
2024-12-13 04:10 test has logged in.
2024-12-13 04:10 Transfer was selected by operator.
2024-12-13 04:10 ShipCase4.txt was uploaded
2024-12-13 04:11 test has logged in.
2024-12-13 04:11 Transfer was selected by operator.
2024-12-13 04:11 ShipCase4.txt was uploaded
2024-12-13 04:12 test has logged in.
2024-12-13 04:12 Transfer was selected by operator.
2024-12-13 04:12 ShipCase4.txt was uploaded
2024-12-13 04:14 test has logged in.
2024-12-13 04:14 Transfer was selected by operator.
2024-12-13 04:14 ShipCase4.txt was uploaded
2024-12-13 04:17 test has logged in.
2024-12-13 04:17 Transfer was selected by operator.
2024-12-13 04:17 ShipCase4.txt was uploaded
2024-12-13 04:19 test has logged in.
2024-12-13 04:19 Transfer was selected by operator.
2024-12-13 04:19 ShipCase4.txt was uploaded
2024-12-13 04:19 test has logged in.
2024-12-13 04:19 Transfer was selected by operator.
2024-12-13 04:20 ShipCase4.txt was uploaded
2024-12-13 04:24 test has logged in.
2024-12-13 04:24 Transfer was selected by operator.
2024-12-13 04:24 ShipCase4.txt was uploaded
2024-12-13 04:26 test has logged in.
2024-12-13 04:26 Transfer was selected by operator.
2024-12-13 04:26 ShipCase4.txt was uploaded
2024-12-13 04:30 test has logged in.
2024-12-13 04:30 Transfer was selected by operator.
2024-12-13 04:30 ShipCase4.txt was uploaded
2024-12-13 04:33 test has logged in.
2024-12-13 04:33 Transfer was selected by operator.
2024-12-13 04:33 ShipCase4.txt was uploaded
2024-12-13 04:33 Liam has logged in.
2024-12-13 04:33 Transfer was selected by operator.
2024-12-13 04:33 ShipCase4.txt was uploaded
2024-12-13 04:38 test has logged in.
2024-12-13 04:38 Transfer was selected by operator.
2024-12-13 04:38 ShipCase4.txt was uploaded
2024-12-13 04:38 test has logged in.
2024-12-13 04:38 Transfer was selected by operator.
2024-12-13 04:38 ShipCase4.txt was uploaded
2024-12-13 04:40 test has logged in.
2024-12-13 04:40 Transfer was selected by operator.
2024-12-13 04:40 ShipCase4.txt was uploaded
2024-12-13 04:42 test has logged in.
2024-12-13 04:42 Transfer was selected by operator.
2024-12-13 04:42 ShipCase4.txt was uploaded
2024-12-13 04:46 test has logged in.
2024-12-13 04:46 Transfer was selected by operator.
2024-12-13 04:46 ShipCase4.txt was uploaded
2024-12-13 04:47 test has logged in.
2024-12-13 04:47 Transfer was selected by operator.
2024-12-13 04:47 ShipCase4.txt was uploaded
2024-12-13 04:48 test has logged in.
2024-12-13 04:49 Transfer was selected by operator.
2024-12-13 04:49 ShipCase4.txt was uploaded
2024-12-13 04:50 test has logged in.
2024-12-13 04:50 Transfer was selected by operator.
2024-12-13 04:50 ShipCase4.txt was uploaded
2024-12-13 06:11 test has logged in.
2024-12-13 06:11 Transfer was selected by operator.
2024-12-13 06:12 ShipCase4.txt was uploaded
2024-12-13 06:14 test has logged in.
2024-12-13 06:14 Transfer was selected by operator.
2024-12-13 06:14 ShipCase4.txt was uploaded
2024-12-13 06:16 test has logged in.
2024-12-13 06:16 Transfer was selected by operator.
2024-12-13 06:17 ShipCase4.txt was uploaded
2024-12-13 06:19 test has logged in.
2024-12-13 06:19 Transfer was selected by operator.
2024-12-13 06:19 ShipCase4.txt was uploaded
2024-12-13 06:50 test has logged in.
2024-12-13 06:50 Transfer was selected by operator.
2024-12-13 06:50 ShipCase4.txt was uploaded
2024-12-13 07:01 test has logged in.
2024-12-13 07:01 Transfer was selected by operator.
2024-12-13 07:01 ShipCase4.txt was uploaded
2024-12-13 07:02 test has logged in.
2024-12-13 07:02 Transfer was selected by operator.
2024-12-13 07:02 ShipCase4.txt was uploaded
2024-12-13 07:03 test has logged in.
2024-12-13 07:03 Transfer was selected by operator.
2024-12-13 07:04 ShipCase4.txt was uploaded
2024-12-13 07:06 test has logged in.
2024-12-13 07:06 Transfer was selected by operator.
2024-12-13 07:06 ShipCase4.txt was uploaded
2024-12-13 07:07 test has logged in.
2024-12-13 07:07 Transfer was selected by operator.
2024-12-13 07:07 ShipCase4.txt was uploaded
2024-12-13 07:09 test has logged in.
2024-12-13 07:09 Transfer was selected by operator.
2024-12-13 07:10 ShipCase4.txt was uploaded
2024-12-13 07:11 test has logged in.
2024-12-13 07:11 Transfer was selected by operator.
2024-12-13 07:11 ShipCase4.txt was uploaded
2024-12-13 07:21 test has logged in.
2024-12-13 07:21 Transfer was selected by operator.
2024-12-13 07:21 ShipCase4.txt was uploaded
2024-12-13 07:24 test has logged in.
2024-12-13 07:24 Transfer was selected by operator.
2024-12-13 07:24 ShipCase4.txt was uploaded
2024-12-13 07:25 test has logged in.
2024-12-13 07:25 Transfer was selected by operator.
2024-12-13 07:25 ShipCase4.txt was uploaded
2024-12-13 07:35 test has logged in.
2024-12-13 07:35 Transfer was selected by operator.
2024-12-13 07:35 ShipCase4.txt was uploaded
2024-12-13 07:49 test has logged in.
2024-12-13 07:49 Transfer was selected by operator.
2024-12-13 07:49 ShipCase4.txt was uploaded
2024-12-13 07:51 test has logged in.
2024-12-13 07:51 Transfer was selected by operator.
2024-12-13 07:51 ShipCase4.txt was uploaded
2024-12-13 07:55 test has logged in.
2024-12-13 07:55 Transfer was selected by operator.
2024-12-13 07:56 ShipCase4.txt was uploaded
2024-12-13 07:57 test has logged in.
2024-12-13 07:57 Transfer was selected by operator.
2024-12-13 07:57 ShipCase4.txt was uploaded
2024-12-13 07:58 test has logged in.
2024-12-13 07:58 Transfer was selected by operator.
2024-12-13 07:58 ShipCase4.txt was uploaded
2024-12-13 08:00 test has logged in.
2024-12-13 08:00 Transfer was selected by operator.
2024-12-13 08:00 ShipCase4.txt was uploaded
2024-12-13 14:05 test has logged in.
2024-12-13 14:05 Transfer was selected by operator.
2024-12-13 14:05 ShipCase4.txt was uploaded
2024-12-13 15:14 test has logged in.
2024-12-13 15:14 Transfer was selected by operator.
2024-12-13 15:15 ShipCase4.txt was uploaded
2024-12-13 15:17 test has logged in.
2024-12-13 15:17 Transfer was selected by operator.
2024-12-13 15:17 ShipCase4.txt was uploaded
2024-12-13 15:19 test has logged in.
2024-12-13 15:19 Transfer was selected by operator.
2024-12-13 15:19 ShipCase4.txt was uploaded
2024-12-13 15:21 test has logged in.
2024-12-13 15:21 Transfer was selected by operator.
2024-12-13 15:21 ShipCase4.txt was uploaded
2024-12-13 15:24 test has logged in.
2024-12-13 15:24 Transfer was selected by operator.
2024-12-13 15:24 ShipCase4.txt was uploaded
2024-12-13 15:25 test has logged in.
2024-12-13 15:25 Transfer was selected by operator.
2024-12-13 15:25 ShipCase4.txt was uploaded
2024-12-13 15:27 test has logged in.
2024-12-13 15:28 Transfer was selected by operator.
2024-12-13 15:28 ShipCase4.txt was uploaded
2024-12-13 15:40 test has logged in.
2024-12-13 15:40 Transfer was selected by operator.
2024-12-13 15:40 ShipCase4.txt was uploaded
2024-12-13 15:41 test has logged in.
2024-12-13 15:41 Transfer was selected by operator.
2024-12-13 15:41 ShipCase4.txt was uploaded
2024-12-13 15:44 test has logged in.
2024-12-13 15:44 Transfer was selected by operator.
2024-12-13 15:44 ShipCase4.txt was uploaded
2024-12-13 15:45 test has logged in.
2024-12-13 15:45 Transfer was selected by operator.
2024-12-13 15:46 ShipCase4.txt was uploaded
2024-12-13 15:49 test has logged in.
2024-12-13 15:49 Transfer was selected by operator.
2024-12-13 15:49 ShipCase5.txt was uploaded
2024-12-13 15:51 test has logged in.
2024-12-13 15:51 Transfer was selected by operator.
2024-12-13 15:51 ShipCase2.txt was uploaded
2024-12-13 15:52 test has logged in.
2024-12-13 15:52 Transfer was selected by operator.
2024-12-13 15:52 ShipCase2.txt was uploaded
2024-12-13 15:54 st has logged in.
2024-12-13 15:54 Transfer was selected by operator.
2024-12-13 15:54 ShipCase2.txt was uploaded
2024-12-13 15:55 test has logged in.
2024-12-13 15:55 Transfer was selected by operator.
2024-12-13 15:55 ShipCase1.txt was uploaded
2024-12-13 15:58 test has logged in.
2024-12-13 15:58 Transfer was selected by operator.
2024-12-13 15:58 ShipCase2.txt was uploaded
2024-12-13 16:00 test has logged in.
2024-12-13 16:00 Transfer was selected by operator.
2024-12-13 16:00 ShipCase2.txt was uploaded
2024-12-13 16:02 test has logged in.
2024-12-13 16:02 Transfer was selected by operator.
2024-12-13 16:02 ShipCase2.txt was uploaded
2024-12-13 16:05 test has logged in.
2024-12-13 16:05 Transfer was selected by operator.
2024-12-13 16:05 ShipCase4.txt was uploaded
2024-12-13 16:07 test has logged in.
2024-12-13 16:07 Transfer was selected by operator.
2024-12-13 16:07 ShipCase2.txt was uploaded
2024-12-13 16:12 test has logged in.
2024-12-13 16:12 Transfer was selected by operator.
2024-12-13 16:12 ShipCase4.txt was uploaded
2024-12-13 16:14 test has logged in.
2024-12-13 16:14 Transfer was selected by operator.
2024-12-13 16:15 ShipCase4.txt was uploaded
2024-12-13 16:19 test has logged in.
2024-12-13 16:19 Transfer was selected by operator.
2024-12-13 16:19 ShipCase2.txt was uploaded
2024-12-13 16:22 test has logged in.
2024-12-13 16:22 Transfer was selected by operator.
2024-12-13 16:23 ShipCase3.txt was uploaded
2024-12-13 16:27 test has logged in.
2024-12-13 16:27 Transfer was selected by operator.
2024-12-13 16:27 ShipCase4.txt was uploaded
2024-12-13 16:31 test has logged in.
2024-12-13 16:31 Transfer was selected by operator.
2024-12-13 16:31 ShipCase4.txt was uploaded
2024-12-13 16:34 test has logged in.
2024-12-13 16:34 Transfer was selected by operator.
2024-12-13 16:34 ShipCase2.txt was uploaded
2024-12-13 16:36 test has logged in.
2024-12-13 16:36 Transfer was selected by operator.
2024-12-13 16:36 ShipCase2.txt was uploaded
2024-12-13 16:37 test has logged in.
2024-12-13 16:37 Transfer was selected by operator.
2024-12-13 16:37 ShipCase2.txt was uploaded
2024-12-13 16:43 test has logged in.
2024-12-13 16:43 Transfer was selected by operator.
2024-12-13 16:43 ShipCase4.txt was uploaded
2024-12-13 16:46 test has logged in.
2024-12-13 16:46 Transfer was selected by operator.
2024-12-13 16:46 ShipCase2.txt was uploaded
2024-12-13 16:47 test has logged in.
2024-12-13 16:47 Transfer was selected by operator.
2024-12-13 16:47 ShipCase3.txt was uploaded
2024-12-13 16:49 test has logged in.
2024-12-13 16:49 Transfer was selected by operator.
2024-12-13 16:49 ShipCase2.txt was uploaded
2024-12-13 16:59 Transfer was selected by operator.
2024-12-13 16:59 ShipCase4.txt was uploaded
2024-12-13 17:04 test has logged in.
2024-12-13 17:04 Transfer was selected by operator.
2024-12-13 17:04 ShipCase3.txt was uploaded
2024-12-13 17:11 test has logged in.
2024-12-13 17:11 Transfer was selected by operator.
2024-12-13 17:11 ShipCase3.txt was uploaded
2024-12-13 17:12 test has logged in.
2024-12-13 17:12 Transfer was selected by operator.
2024-12-13 17:12 ShipCase4.txt was uploaded
2024-12-13 17:14 test has logged in.
2024-12-13 17:14 Transfer was selected by operator.
2024-12-13 17:15 ShipCase2.txt was uploaded
2024-12-13 17:16 test has logged in.
2024-12-13 17:16 Transfer was selected by operator.
2024-12-13 17:16 ShipCase4.txt was uploaded
2024-12-13 17:19 test has logged in.
2024-12-13 17:19 Transfer was selected by operator.
2024-12-13 17:19 ShipCase5.txt was uploaded
2024-12-13 17:20 test has logged in.
2024-12-13 17:20 Transfer was selected by operator.
2024-12-13 17:20 ShipCase4.txt was uploaded
2024-12-13 17:27 test has logged in.
2024-12-13 17:27 Transfer was selected by operator.
2024-12-13 17:27 ShipCase4.txt was uploaded
2024-12-13 17:28 test has logged in.
2024-12-13 17:28 Transfer was selected by operator.
2024-12-13 17:28 ShipCase4.txt was uploaded
2024-12-13 17:29 test has logged in.
2024-12-13 17:29 Transfer was selected by operator.
2024-12-13 17:29 ShipCase4.txt was uploaded
2024-12-13 17:31 test has logged in.
2024-12-13 17:31 Transfer was selected by operator.
2024-12-13 17:31 ShipCase5.txt was uploaded
2024-12-13 17:35 test has logged in.
2024-12-13 17:35 Transfer was selected by operator.
2024-12-13 17:35 ShipCase4.txt was uploaded
2024-12-13 17:37 test has logged in.
2024-12-13 17:37 Transfer was selected by operator.
2024-12-13 17:37 ShipCase4.txt was uploaded
2024-12-13 17:39 test has logged in.
2024-12-13 17:39 Transfer was selected by operator.
2024-12-13 17:39 ShipCase3.txt was uploaded
2024-12-13 17:43 test has logged in.
2024-12-13 17:43 Transfer was selected by operator.
2024-12-13 17:43 ShipCase5.txt was uploaded
2024-12-13 17:44 test has logged in.
2024-12-13 17:45 Transfer was selected by operator.
2024-12-13 17:45 ShipCase3.txt was uploaded
2024-12-13 17:47 test has logged in.
2024-12-13 17:47 Transfer was selected by operator.
2024-12-13 17:48 ShipCase3.txt was uploaded
2024-12-13 17:50 test has logged in.
2024-12-13 17:50 Transfer was selected by operator.
2024-12-13 17:50 ShipCase3.txt was uploaded
2024-12-13 17:52 test has logged in.
2024-12-13 17:52 Transfer was selected by operator.
2024-12-13 17:52 ShipCase4.txt was uploaded
2024-12-13 17:53 test has logged in.
2024-12-13 17:53 Transfer was selected by operator.
2024-12-13 17:53 ShipCase3.txt was uploaded
2024-12-13 17:53 test has logged in.
2024-12-13 17:54 Transfer was selected by operator.
2024-12-13 17:54 ShipCase3.txt was uploaded
2024-12-13 18:01 test has logged in.
2024-12-13 18:01 Transfer was selected by operator.
2024-12-13 18:01 ShipCase5.txt was uploaded
2024-12-13 18:05 test has logged in.
2024-12-13 18:05 Transfer was selected by operator.
2024-12-13 18:05 ShipCase4.txt was uploaded
2024-12-13 18:09 test has logged in.
2024-12-13 18:09 Transfer was selected by operator.
2024-12-13 18:09 ShipCase4.txt was uploaded
2024-12-13 18:17 test has logged in.
2024-12-13 18:17 Transfer was selected by operator.
2024-12-13 18:17 ShipCase4.txt was uploaded
2024-12-13 18:19 test has logged in.
2024-12-13 18:19 Transfer was selected by operator.
2024-12-13 18:19 ShipCase4.txt was uploaded
2024-12-13 18:24 test has logged in.
2024-12-13 18:24 Transfer was selected by operator.
2024-12-13 18:25 ShipCase4.txt was uploaded
2024-12-13 18:27 test has logged in.
2024-12-13 18:27 Transfer was selected by operator.
2024-12-13 18:27 ShipCase4.txt was uploaded
2024-12-13 18:29 test has logged in.
2024-12-13 18:29 Transfer was selected by operator.
2024-12-13 18:29 ShipCase4.txt was uploaded
2024-12-13 18:29 test has logged in.
2024-12-13 18:29 Transfer was selected by operator.
2024-12-13 18:30 ShipCase4.txt was uploaded
2024-12-13 18:30 Transfer was selected by operator.
2024-12-13 18:30 ShipCase4.txt was uploaded
2024-12-13 18:30 Transfer was selected by operator.
2024-12-13 18:30 ShipCase4.txt was uploaded
2024-12-13 18:30 test has logged in.
2024-12-13 18:30 Transfer was selected by operator.
2024-12-13 18:30 ShipCase4.txt was uploaded
2024-12-13 18:33 test has logged in.
2024-12-13 18:33 Transfer was selected by operator.
2024-12-13 18:33 ShipCase2.txt was uploaded
2024-12-13 18:39 test has logged in.
2024-12-13 18:39 Transfer was selected by operator.
2024-12-13 18:39 ShipCase4.txt was uploaded
2024-12-13 18:41 test has logged in.
2024-12-13 18:41 Transfer was selected by operator.
2024-12-13 18:41 ShipCase3.txt was uploaded
2024-12-13 18:43 test has logged in.
2024-12-13 18:43 Transfer was selected by operator.
2024-12-13 18:44 ShipCase3.txt was uploaded
2024-12-13 18:47 test has logged in.
2024-12-13 18:47 Transfer was selected by operator.
2024-12-13 18:47 ShipCase4.txt was uploaded
2024-12-13 18:56 test has logged in.
2024-12-13 18:56 Transfer was selected by operator.
2024-12-13 18:56 ShipCase4.txt was uploaded
2024-12-13 18:57 test has logged in.
2024-12-13 18:57 Transfer was selected by operator.
2024-12-13 18:58 ShipCase4.txt was uploaded
2024-12-13 19:00 test has logged in.
2024-12-13 19:00 Transfer was selected by operator.
2024-12-13 19:00 ShipCase4.txt was uploaded
2024-12-13 19:03 test has logged in.
2024-12-13 19:03 Transfer was selected by operator.
2024-12-13 19:03 ShipCase4.txt was uploaded
2024-12-13 19:08 test has logged in.
2024-12-13 19:08 Transfer was selected by operator.
2024-12-13 19:08 ShipCase4.txt was uploaded
2024-12-13 19:11 test has logged in.
2024-12-13 19:11 Transfer was selected by operator.
2024-12-13 19:11 ShipCase4.txt was uploaded
2024-12-13 19:14 test has logged in.
2024-12-13 19:14 Transfer was selected by operator.
2024-12-13 19:14 ShipCase4.txt was uploaded
2024-12-13 19:18 test has logged in.
2024-12-13 19:18 Transfer was selected by operator.
2024-12-13 19:18 ShipCase4.txt was uploaded
2024-12-13 19:19 test has logged in.
2024-12-13 19:19 Transfer was selected by operator.
2024-12-13 19:19 ShipCase4.txt was uploaded
2024-12-13 19:21 test has logged in.
2024-12-13 19:21 Transfer was selected by operator.
2024-12-13 19:21 ShipCase4.txt was uploaded
2024-12-13 19:26 test has logged in.
2024-12-13 19:26 Transfer was selected by operator.
2024-12-13 19:26 ShipCase4.txt was uploaded
2024-12-13 19:27 test has logged in.
2024-12-13 19:27 Transfer was selected by operator.
2024-12-13 19:27 ShipCase4.txt was uploaded
2024-12-13 19:29 test has logged in.
2024-12-13 19:29 Transfer was selected by operator.
2024-12-13 19:29 ShipCase4.txt was uploaded
2024-12-13 19:31 test has logged in.
2024-12-13 19:31 Transfer was selected by operator.
2024-12-13 19:31 ShipCase4.txt was uploaded
2024-12-13 19:32 test has logged in.
2024-12-13 19:32 Transfer was selected by operator.
2024-12-13 19:33 ShipCase4.txt was uploaded
2024-12-13 19:36 test has logged in.
2024-12-13 19:36 Transfer was selected by operator.
2024-12-13 19:36 ShipCase4.txt was uploaded
2024-12-13 19:36 test has logged in.
2024-12-13 19:36 Transfer was selected by operator.
2024-12-13 19:37 ShipCase4.txt was uploaded
2024-12-13 19:40 test has logged in.
2024-12-13 19:40 Transfer was selected by operator.
2024-12-13 19:40 ShipCase4.txt was uploaded
2024-12-13 19:42 test has logged in.
2024-12-13 19:42 Transfer was selected by operator.
2024-12-13 19:42 ShipCase4.txt was uploaded
2024-12-13 19:44 test has logged in.
2024-12-13 19:44 Transfer was selected by operator.
2024-12-13 19:44 ShipCase4.txt was uploaded
2024-12-13 19:48 test has logged in.
2024-12-13 19:48 Transfer was selected by operator.
2024-12-13 19:48 ShipCase4.txt was uploaded
2024-12-13 19:51 test has logged in.
2024-12-13 19:51 Transfer was selected by operator.
2024-12-13 19:51 ShipCase4.txt was uploaded
2024-12-13 19:52 test has logged in.
2024-12-13 19:52 Transfer was selected by operator.
2024-12-13 19:52 ShipCase4.txt was uploaded
2024-12-13 19:52 test has logged in.
2024-12-13 19:52 Transfer was selected by operator.
2024-12-13 19:52 ShipCase4.txt was uploaded
2024-12-13 19:54 test has logged in.
2024-12-13 19:54 Transfer was selected by operator.
2024-12-13 19:54 ShipCase4.txt was uploaded
2024-12-13 20:00 test has logged in.
2024-12-13 20:00 Transfer was selected by operator.
2024-12-13 20:00 ShipCase4.txt was uploaded
2024-12-13 20:02 test has logged in.
2024-12-13 20:02 Transfer was selected by operator.
2024-12-13 20:02 ShipCase4.txt was uploaded
2024-12-13 20:02 test has logged in.
2024-12-13 20:02 Transfer was selected by operator.
2024-12-13 20:02 ShipCase4.txt was uploaded
2024-12-13 20:08 test has logged in.
2024-12-13 20:08 Transfer was selected by operator.
2024-12-13 20:08 ShipCase4.txt was uploaded
2024-12-13 20:09 test has logged in.
2024-12-13 20:09 Transfer was selected by operator.
2024-12-13 20:10 ShipCase4.txt was uploaded
2024-12-13 20:10 test has logged in.
2024-12-13 20:10 Transfer was selected by operator.
2024-12-13 20:11 ShipCase4.txt was uploaded
2024-12-13 20:13 test has logged in.
2024-12-13 20:13 Transfer was selected by operator.
2024-12-13 20:13 ShipCase4.txt was uploaded
2024-12-13 20:15 test has logged in.
2024-12-13 20:15 Transfer was selected by operator.
2024-12-13 20:15 ShipCase4.txt was uploaded
2024-12-13 20:21 test has logged in.
2024-12-13 20:21 Transfer was selected by operator.
2024-12-13 20:21 ShipCase4.txt was uploaded
2024-12-13 20:22 test has logged in.
2024-12-13 20:22 Transfer was selected by operator.
2024-12-13 20:22 ShipCase4.txt was uploaded
2024-12-13 20:27 test has logged in.
2024-12-13 20:27 Transfer was selected by operator.
2024-12-13 20:27 ShipCase4.txt was uploaded
2024-12-13 20:28 Transfer was selected by operator.
2024-12-13 20:28 ShipCase4.txt was uploaded
2024-12-13 20:32 test has logged in.
2024-12-13 20:32 Transfer was selected by operator.
2024-12-13 20:32 ShipCase4.txt was uploaded
2024-12-13 20:33 test has logged in.
2024-12-13 20:33 Transfer was selected by operator.
2024-12-13 20:33 ShipCase4.txt was uploaded
2024-12-13 20:35 test has logged in.
2024-12-13 20:35 Transfer was selected by operator.
2024-12-13 20:35 ShipCase4.txt was uploaded
2024-12-13 20:36 test has logged in.
2024-12-13 20:36 Transfer was selected by operator.
2024-12-13 20:36 ShipCase4.txt was uploaded
2024-12-13 20:38 test has logged in.
2024-12-13 20:38 Transfer was selected by operator.
2024-12-13 20:38 ShipCase4.txt was uploaded
2024-12-13 20:40 test has logged in.
2024-12-13 20:40 Transfer was selected by operator.
2024-12-13 20:40 ShipCase4.txt was uploaded
2024-12-13 20:41 test has logged in.
2024-12-13 20:41 Transfer was selected by operator.
2024-12-13 20:41 ShipCase4.txt was uploaded
2024-12-13 20:41 test has logged in.
2024-12-13 20:41 Transfer was selected by operator.
2024-12-13 20:42 ShipCase4.txt was uploaded
2024-12-13 20:49 test has logged in.
2024-12-13 20:49 Transfer was selected by operator.
2024-12-13 20:49 ShipCase4.txt was uploaded
2024-12-13 20:51 test has logged in.
2024-12-13 20:52 Transfer was selected by operator.
2024-12-13 20:52 ShipCase4.txt was uploaded
2024-12-13 20:54 test has logged in.
2024-12-13 20:54 Transfer was selected by operator.
2024-12-13 20:54 ShipCase4.txt was uploaded
2024-12-13 20:56 test has logged in.
2024-12-13 20:56 Transfer was selected by operator.
2024-12-13 20:56 ShipCase4.txt was uploaded
2024-12-13 21:00 test has logged in.
2024-12-13 21:00 Transfer was selected by operator.
2024-12-13 21:00 ShipCase4.txt was uploaded
2024-12-13 21:04 test has logged in.
2024-12-13 21:04 Transfer was selected by operator.
2024-12-13 21:04 ShipCase4.txt was uploaded
2024-12-13 21:06 test has logged in.
2024-12-13 21:06 Transfer was selected by operator.
2024-12-13 21:06 ShipCase4.txt was uploaded
2024-12-13 21:08 test has logged in.
2024-12-13 21:08 Transfer was selected by operator.
2024-12-13 21:08 ShipCase4.txt was uploaded
2024-12-13 21:09 test has logged in.
2024-12-13 21:09 Transfer was selected by operator.
2024-12-13 21:09 ShipCase4.txt was uploaded
2024-12-13 21:12 test has logged in.
2024-12-13 21:12 Transfer was selected by operator.
2024-12-13 21:12 ShipCase4.txt was uploaded
2024-12-13 21:20 test has logged in.
2024-12-13 21:20 Transfer was selected by operator.
2024-12-13 21:20 ShipCase4.txt was uploaded
2024-12-13 21:21 test has logged in.
2024-12-13 21:21 Transfer was selected by operator.
2024-12-13 21:21 ShipCase4.txt was uploaded
2024-12-13 21:22 Transfer was selected by operator.
2024-12-13 21:22 ShipCase3.txt was uploaded
2024-12-13 21:28 test has logged in.
2024-12-13 21:28 Transfer was selected by operator.
2024-12-13 21:29 ShipCase4.txt was uploaded
2024-12-13 21:31 st has logged in.
2024-12-13 21:31 Transfer was selected by operator.
2024-12-13 21:31 ShipCase4.txt was uploaded
2024-12-13 21:40 test has logged in.
2024-12-13 21:40 Transfer was selected by operator.
2024-12-13 21:40 ShipCase4.txt was uploaded
2024-12-13 21:44 test has logged in.
2024-12-13 21:44 Transfer was selected by operator.
2024-12-13 21:44 ShipCase4.txt was uploaded
2024-12-13 21:47 test has logged in.
2024-12-13 21:47 Transfer was selected by operator.
2024-12-13 21:47 ShipCase4.txt was uploaded
2024-12-13 21:51 test has logged in.
2024-12-13 21:51 Transfer was selected by operator.
2024-12-13 21:52 ShipCase4.txt was uploaded
2024-12-13 21:54 test has logged in.
2024-12-13 21:54 Transfer was selected by operator.
2024-12-13 21:54 ShipCase4.txt was uploaded
2024-12-13 22:23 test has logged in.
2024-12-13 22:23 Transfer was selected by operator.
2024-12-13 22:27 ShipCase4.txt was uploaded
2024-12-13 22:33 test has logged in.
2024-12-13 22:33 Transfer was selected by operator.
2024-12-13 22:33 ShipCase4.txt was uploaded
2024-12-13 22:35 test has logged in.
2024-12-13 22:35 Transfer was selected by operator.
2024-12-13 22:35 ShipCase4.txt was uploaded
2024-12-13 22:42 test has logged in.
2024-12-13 22:42 Transfer was selected by operator.
2024-12-13 22:42 ShipCase4.txt was uploaded
2024-12-13 22:48 test has logged in.
2024-12-13 22:48 Transfer was selected by operator.
2024-12-13 22:48 ShipCase4.txt was uploaded
2024-12-13 22:49 test has logged in.
2024-12-13 22:49 Transfer was selected by operator.
2024-12-13 22:50 ShipCase4.txt was uploaded
2024-12-13 23:12 Liam has logged in.
2024-12-13 23:12 Transfer was selected by operator.
2024-12-13 23:13 ShipCase4.txt was uploaded
2024-12-13 23:22 test has logged in.
2024-12-13 23:22 Transfer was selected by operator.
2024-12-13 23:22 ShipCase4.txt was uploaded
2024-12-13 23:24 test has logged in.
2024-12-13 23:24 Transfer was selected by operator.
2024-12-13 23:25 ShipCase4.txt was uploaded
2024-12-13 23:26 test has logged in.
2024-12-13 23:26 Transfer was selected by operator.
2024-12-13 23:26 ShipCase4.txt was uploaded
2024-12-13 23:28 test has logged in.
2024-12-13 23:28 Transfer was selected by operator.
2024-12-13 23:28 ShipCase4.txt was uploaded
2024-12-13 23:30 test has logged in.
2024-12-13 23:30 Transfer was selected by operator.
2024-12-13 23:30 ShipCase4.txt was uploaded
2024-12-13 23:31 test has logged in.
2024-12-13 23:31 Transfer was selected by operator.
2024-12-13 23:31 ShipCase4.txt was uploaded
2024-12-13 23:34 test has logged in.
2024-12-13 23:34 Transfer was selected by operator.
2024-12-13 23:34 ShipCase4.txt was uploaded
2024-12-13 23:39 test has logged in.
2024-12-13 23:39 Transfer was selected by operator.
2024-12-13 23:39 ShipCase4.txt was uploaded
2024-12-13 23:39 test has logged in.
2024-12-13 23:40 Transfer was selected by operator.
2024-12-13 23:40 ShipCase4.txt was uploaded
2024-12-13 23:41 test has logged in.
2024-12-13 23:41 Transfer was selected by operator.
2024-12-13 23:42 ShipCase4.txt was uploaded
2024-12-13 23:46 test has logged in.
2024-12-13 23:46 Transfer was selected by operator.
2024-12-13 23:46 ShipCase4.txt was uploaded
2024-12-13 23:48 test has logged in.
2024-12-13 23:48 Transfer was selected by operator.
2024-12-13 23:48 ShipCase4.txt was uploaded
2024-12-13 23:50 test has logged in.
2024-12-13 23:50 Transfer was selected by operator.
2024-12-13 23:50 ShipCase4.txt was uploaded
2024-12-13 23:57 test has logged in.
2024-12-13 23:57 Transfer was selected by operator.
2024-12-13 23:57 ShipCase4.txt was uploaded
2024-12-13 23:59 test has logged in.
2024-12-13 23:59 Transfer was selected by operator.
2024-12-13 23:59 ShipCase4.txt was uploaded
2024-12-14 00:02 test has logged in.
2024-12-14 00:02 Transfer was selected by operator.
2024-12-14 00:02 ShipCase4.txt was uploaded
2024-12-14 00:07 test has logged in.
2024-12-14 00:07 Transfer was selected by operator.
2024-12-14 00:07 ShipCase4.txt was uploaded
2024-12-14 00:10 test has logged in.
2024-12-14 00:10 Transfer was selected by operator.
2024-12-14 00:10 ShipCase4.txt was uploaded
2024-12-14 00:15 test has logged in.
2024-12-14 00:15 Transfer was selected by operator.
2024-12-14 00:15 ShipCase4.txt was uploaded
2024-12-14 00:15 test has logged in.
2024-12-14 00:15 Transfer was selected by operator.
2024-12-14 00:15 ShipCase4.txt was uploaded
2024-12-14 00:17 test has logged in.
2024-12-14 00:17 Transfer was selected by operator.
2024-12-14 00:17 ShipCase4.txt was uploaded
2024-12-14 00:18 test has logged in.
2024-12-14 00:18 Transfer was selected by operator.
2024-12-14 00:18 ShipCase4.txt was uploaded
2024-12-14 00:19 test has logged in.
2024-12-14 00:19 Transfer was selected by operator.
2024-12-14 00:19 ShipCase4.txt was uploaded
2024-12-14 00:20 test has logged in.
2024-12-14 00:20 Transfer was selected by operator.
2024-12-14 00:20 ShipCase4.txt was uploaded
2024-12-14 00:22 test has logged in.
2024-12-14 00:22 Transfer was selected by operator.
2024-12-14 00:22 ShipCase4.txt was uploaded
2024-12-14 00:24 test has logged in.
2024-12-14 00:24 Transfer was selected by operator.
2024-12-14 00:25 ShipCase4.txt was uploaded
2024-12-14 00:25 test has logged in.
2024-12-14 00:25 Transfer was selected by operator.
2024-12-14 00:25 ShipCase4.txt was uploaded
2024-12-14 00:27 test has logged in.
2024-12-14 00:27 Transfer was selected by operator.
2024-12-14 00:27 ShipCase4.txt was uploaded
2024-12-14 00:28 test has logged in.
2024-12-14 00:28 Transfer was selected by operator.
2024-12-14 00:28 ShipCase4.txt was uploaded
2024-12-14 00:29 test has logged in.
2024-12-14 00:29 Transfer was selected by operator.
2024-12-14 00:29 ShipCase4.txt was uploaded
2024-12-14 00:33 test has logged in.
2024-12-14 00:33 Transfer was selected by operator.
2024-12-14 00:33 ShipCase4.txt was uploaded
2024-12-14 00:35 test has logged in.
2024-12-14 00:35 Transfer was selected by operator.
2024-12-14 00:35 ShipCase4.txt was uploaded
2024-12-14 00:41 test has logged in.
2024-12-14 00:41 Transfer was selected by operator.
2024-12-14 00:41 ShipCase4.txt was uploaded
2024-12-14 00:50 test has logged in.
2024-12-14 00:50 Transfer was selected by operator.
2024-12-14 00:50 ShipCase4.txt was uploaded
2024-12-14 01:04 test has logged in.
2024-12-14 01:05 Transfer was selected by operator.
2024-12-14 01:05 ShipCase4.txt was uploaded
2024-12-14 01:05 test has logged in.
2024-12-14 01:05 Transfer was selected by operator.
2024-12-14 01:05 ShipCase4.txt was uploaded
2024-12-14 01:17 test has logged in.
2024-12-14 01:17 Transfer was selected by operator.
2024-12-14 01:17 ShipCase4.txt was uploaded
2024-12-14 01:25 test has logged in.
2024-12-14 01:25 Transfer was selected by operator.
2024-12-14 01:25 ShipCase4.txt was uploaded
2024-12-14 01:25 test has logged in.
2024-12-14 01:25 Transfer was selected by operator.
2024-12-14 01:25 ShipCase4.txt was uploaded
2024-12-14 01:27 test has logged in.
2024-12-14 01:27 Transfer was selected by operator.
2024-12-14 01:27 ShipCase4.txt was uploaded
2024-12-14 01:28 test has logged in.
2024-12-14 01:28 Transfer was selected by operator.
2024-12-14 01:28 ShipCase4.txt was uploaded
2024-12-14 01:36 test has logged in.
2024-12-14 01:36 Transfer was selected by operator.
2024-12-14 01:36 ShipCase4.txt was uploaded
2024-12-14 01:38 test has logged in.
2024-12-14 01:38 Transfer was selected by operator.
2024-12-14 01:39 ShipCase4.txt was uploaded
2024-12-14 01:41 test has logged in.
2024-12-14 01:41 Transfer was selected by operator.
2024-12-14 01:41 ShipCase4.txt was uploaded
2024-12-14 01:42 test has logged in.
2024-12-14 01:43 Transfer was selected by operator.
2024-12-14 01:43 ShipCase4.txt was uploaded
2024-12-14 01:44 test has logged in.
2024-12-14 01:44 Transfer was selected by operator.
2024-12-14 01:44 ShipCase4.txt was uploaded
2024-12-14 01:46 test has logged in.
2024-12-14 01:46 Transfer was selected by operator.
2024-12-14 01:46 ShipCase4.txt was uploaded
2024-12-14 01:48 test has logged in.
2024-12-14 01:48 Transfer was selected by operator.
2024-12-14 01:48 ShipCase4.txt was uploaded
2024-12-14 04:31 test has logged in.
2024-12-14 04:31 Transfer was selected by operator.
2024-12-14 04:31 ShipCase4.txt was uploaded
2024-12-14 04:37 test has logged in.
2024-12-14 04:37 Transfer was selected by operator.
2024-12-14 04:37 ShipCase4.txt was uploaded
2024-12-14 04:38 test has logged in.
2024-12-14 04:38 Transfer was selected by operator.
2024-12-14 04:38 ShipCase4.txt was uploaded
2024-12-14 04:51 test has logged in.
2024-12-14 04:51 Transfer was selected by operator.
2024-12-14 04:51 ShipCase4.txt was uploaded
2024-12-14 04:53 test has logged in.
2024-12-14 04:53 Transfer was selected by operator.
2024-12-14 04:53 ShipCase4.txt was uploaded
2024-12-14 04:56 test has logged in.
2024-12-14 04:57 Transfer was selected by operator.
2024-12-14 04:57 ShipCase4.txt was uploaded
2024-12-14 04:58 test has logged in.
2024-12-14 04:58 Transfer was selected by operator.
2024-12-14 04:58 ShipCase4.txt was uploaded
2024-12-14 05:00 test has logged in.
2024-12-14 05:00 Transfer was selected by operator.
2024-12-14 05:00 ShipCase4.txt was uploaded
2024-12-14 05:02 test has logged in.
2024-12-14 05:02 Transfer was selected by operator.
2024-12-14 05:03 ShipCase4.txt was uploaded
2024-12-14 05:04 test has logged in.
2024-12-14 05:04 Transfer was selected by operator.
2024-12-14 05:04 ShipCase4.txt was uploaded
2024-12-14 05:10 test has logged in.
2024-12-14 05:10 Transfer was selected by operator.
2024-12-14 05:10 ShipCase4.txt was uploaded
2024-12-14 05:19 test has logged in.
2024-12-14 05:19 Transfer was selected by operator.
2024-12-14 05:19 ShipCase4.txt was uploaded
2024-12-14 05:23 test has logged in.
2024-12-14 05:23 Transfer was selected by operator.
2024-12-14 05:23 ShipCase4.txt was uploaded
2024-12-14 05:25 test has logged in.
2024-12-14 05:25 Transfer was selected by operator.
2024-12-14 05:25 ShipCase4.txt was uploaded
2024-12-14 05:28 test has logged in.
2024-12-14 05:28 Transfer was selected by operator.
2024-12-14 05:28 ShipCase4.txt was uploaded
2024-12-14 05:32 test has logged in.
2024-12-14 05:32 Transfer was selected by operator.
2024-12-14 05:32 ShipCase4.txt was uploaded
2024-12-14 05:35 test has logged in.
2024-12-14 05:35 Transfer was selected by operator.
2024-12-14 05:35 ShipCase4.txt was uploaded
2024-12-14 05:39 test has logged in.
2024-12-14 05:39 Transfer was selected by operator.
2024-12-14 05:39 ShipCase4.txt was uploaded
2024-12-14 05:42 test has logged in.
2024-12-14 05:42 Transfer was selected by operator.
2024-12-14 05:42 ShipCase4.txt was uploaded
2024-12-14 05:45 test has logged in.
2024-12-14 05:45 Transfer was selected by operator.
2024-12-14 05:45 ShipCase4.txt was uploaded
2024-12-14 05:48 test has logged in.
2024-12-14 05:48 Transfer was selected by operator.
2024-12-14 05:49 ShipCase4.txt was uploaded
2024-12-14 05:55 test has logged in.
2024-12-14 05:55 Transfer was selected by operator.
2024-12-14 05:55 ShipCase4.txt was uploaded
2024-12-14 05:58 test has logged in.
2024-12-14 05:58 Transfer was selected by operator.
2024-12-14 05:58 ShipCase4.txt was uploaded
2024-12-14 06:01 test has logged in.
2024-12-14 06:01 Transfer was selected by operator.
2024-12-14 06:01 ShipCase4.txt was uploaded
2024-12-14 06:02 test has logged in.
2024-12-14 06:02 Transfer was selected by operator.
2024-12-14 06:02 ShipCase4.txt was uploaded
2024-12-14 06:03 test has logged in.
2024-12-14 06:04 Transfer was selected by operator.
2024-12-14 06:04 ShipCase4.txt was uploaded
2024-12-14 06:07 test has logged in.
2024-12-14 06:07 Transfer was selected by operator.
2024-12-14 06:07 ShipCase4.txt was uploaded
2024-12-14 06:09 test has logged in.
2024-12-14 06:09 Transfer was selected by operator.
2024-12-14 06:09 ShipCase4.txt was uploaded
2024-12-14 06:11 test has logged in.
2024-12-14 06:11 Transfer was selected by operator.
2024-12-14 06:11 ShipCase4.txt was uploaded
2024-12-14 06:12 test has logged in.
2024-12-14 06:12 Transfer was selected by operator.
2024-12-14 06:12 ShipCase4.txt was uploaded
2024-12-14 06:12 test has logged in.
2024-12-14 06:12 Transfer was selected by operator.
2024-12-14 06:12 ShipCase2.txt was uploaded
2024-12-14 06:14 test has logged in.
2024-12-14 06:14 Transfer was selected by operator.
2024-12-14 06:14 ShipCase2.txt was uploaded
2024-12-14 06:16 test has logged in.
2024-12-14 06:16 Transfer was selected by operator.
2024-12-14 06:16 ShipCase4.txt was uploaded
2024-12-14 06:17 test has logged in.
2024-12-14 06:17 Transfer was selected by operator.
2024-12-14 06:17 ShipCase3.txt was uploaded
2024-12-14 06:18 test has logged in.
2024-12-14 06:18 Transfer was selected by operator.
2024-12-14 06:18 ShipCase5.txt was uploaded
2024-12-14 06:21 test has logged in.
2024-12-14 06:21 Transfer was selected by operator.
2024-12-14 06:21 ShipCase4.txt was uploaded
2024-12-14 06:22 test has logged in.
2024-12-14 06:22 Transfer was selected by operator.
2024-12-14 06:22 ShipCase4.txt was uploaded
2024-12-14 06:22 test has logged in.
2024-12-14 06:22 Transfer was selected by operator.
2024-12-14 06:22 ShipCase4.txt was uploaded
2024-12-14 06:24 test has logged in.
2024-12-14 06:24 Transfer was selected by operator.
2024-12-14 06:24 ShipCase3.txt was uploaded
2024-12-14 06:28 test has logged in.
2024-12-14 06:28 Transfer was selected by operator.
2024-12-14 06:28 ShipCase3.txt was uploaded
2024-12-14 06:31 test has logged in.
2024-12-14 06:31 Transfer was selected by operator.
2024-12-14 06:31 ShipCase3.txt was uploaded
2024-12-14 06:32 Transfer was selected by operator.
2024-12-14 06:32 ShipCase3.txt was uploaded
2024-12-14 06:33 Transfer was selected by operator.
2024-12-14 06:33 ShipCase4.txt was uploaded
2024-12-14 06:33 test has logged in.
2024-12-14 06:33 Transfer was selected by operator.
2024-12-14 06:33 ShipCase4.txt was uploaded
2024-12-14 06:36 Transfer was selected by operator.
2024-12-14 06:36 ShipCase2.txt was uploaded
2024-12-14 06:36 test has logged in.
2024-12-14 06:36 Transfer was selected by operator.
2024-12-14 06:36 ShipCase2.txt was uploaded
2024-12-14 06:38 test has logged in.
2024-12-14 06:38 Transfer was selected by operator.
2024-12-14 06:38 ShipCase2.txt was uploaded
2024-12-14 06:40 test has logged in.
2024-12-14 06:40 Transfer was selected by operator.
2024-12-14 06:40 ShipCase2.txt was uploaded
2024-12-14 06:41 test has logged in.
2024-12-14 06:41 Transfer was selected by operator.
2024-12-14 06:41 ShipCase2.txt was uploaded
2024-12-14 06:45 test has logged in.
2024-12-14 06:45 Transfer was selected by operator.
2024-12-14 06:45 ShipCase2.txt was uploaded
